Exporter version: 3.3.1, Blender version: 3.5.0
========= Conversion from Blender to Babylon.js =========
	Scene settings used :
		Inline textures     :  false
		Material Type       :  PBR
		Positions Precision :  4
		Normals Precision   :  3
		UVs Precision       :  3
		Vert Color Precision:  3
		Mat Weight Precision:  2
		Keep Z-up r-handed  :  no
		Texture directory   :  C:\Users\user\Desktop\warehouse-eton\public\shelf\
	Python World class constructor completed
	WARNING: No active camera has been assigned, or is not in a currently enabled collection
	processing begun of mesh:  supports
		processing begun of material:  supports
		processing begun of material:  side arms
		processing begun of material:  shelf
		processing begun of material:  frame
			processing texture RACKING_SHELF_supports_BaseMap
				WARNING: Exception during copy:
					[Errno 2] No such file or directory: 'C:\\Users\\user\\Downloads\\Textures\\Supports\\RACKING SHELF_supports_BaseMap.png'
			processing texture RACKING_SHELF_side_arms_BaseMap
				WARNING: Exception during copy:
					[Errno 2] No such file or directory: 'C:\\Users\\user\\Downloads\\Textures\\Side arms\\RACKING SHELF_side arms_BaseMap.png'
			processing texture RACKING_SHELF_shelf_BaseMap
				WARNING: Exception during copy:
					[Errno 2] No such file or directory: 'C:\\Users\\user\\Downloads\\Textures\\Shelf\\RACKING SHELF_shelf_BaseMap.png'
			processing texture RACKING_SHELF_frame_BaseMap
				WARNING: Exception during copy:
					[Errno 2] No such file or directory: 'C:\\Users\\user\\Downloads\\Textures\\Frame\\RACKING SHELF_frame_BaseMap.png'
		processing begun of multimaterial:  shelfware.Multimaterial#0
		num positions      :  723130
		num normals        :  723130
		num tangents       :  0
		num uvs            :  1446260
		num uvs2           :  0
		num colors         :  0
		num triangles      :  851720
		WARNING: # of 0 area faces found:  2139
========= Writing of JSON file started =========
	writing mesh:  supports
========= Writing of JSON file completed =========
========= end of processing =========
elapsed time:  1 min, 18.392 secs
